<?xml version='1.0' encoding='UTF-8'?>
<testsuite hostname="LAPTOP-SOVKCQPC" name="CategorieTest" tests="2" errors="0" failures="0" skipped="0" time="0.067" timestamp="2019-04-14T18:40:57">
                     <properties>
[...]
</properties>
                     <testcase classname="CategorieTest" name="creeCategorieAvecCouleur" time="0.066">
                                                 
                                               </testcase><testcase classname="CategorieTest" name="creeCategorieSansCouleur" time="0.001">
                                                 
                                               </testcase>
                     <system-out><![CDATA[]]></system-out>
                     <system-err><![CDATA[]]></system-err>
                   </testsuite>